The system is: Linux - 3.10.0-1160.11.1.el7.x86_64 - x86_64
Compiling the C compiler identification source file "CMakeCCompilerId.c" succeeded.
Compiler: /bin/cc 
Build flags: 
Id flags:  

The output was:
0


Compilation of the C compiler identification source "CMakeCCompilerId.c" produced "a.out"

The C compiler identification is GNU, found in "/home/sxy/Github/cpp/stdlib_h/build/build/CMakeFiles/3.14.5/CompilerIdC/a.out"

Determining if the C compiler works passed with the following output:
Change Dir: /home/sxy/Github/cpp/stdlib_h/build/build/CMakeFiles/CMakeTmp

Run Build Command(s):/bin/gmake cmTC_e8f64/fast 
/bin/gmake -f CMakeFiles/cmTC_e8f64.dir/build.make CMakeFiles/cmTC_e8f64.dir/build
gmake[1]: Entering directory `/home/sxy/Github/cpp/stdlib_h/build/build/CMakeFiles/CMakeTmp'
Building C object CMakeFiles/cmTC_e8f64.dir/testCCompiler.c.o
/bin/cc    -o CMakeFiles/cmTC_e8f64.dir/testCCompiler.c.o   -c /home/sxy/Github/cpp/stdlib_h/build/build/CMakeFiles/CMakeTmp/testCCompiler.c
Linking C executable cmTC_e8f64
/usr/local/bin/cmake -E cmake_link_script CMakeFiles/cmTC_e8f64.dir/link.txt --verbose=1
/bin/cc      -rdynamic CMakeFiles/cmTC_e8f64.dir/testCCompiler.c.o  -o cmTC_e8f64 
gmake[1]: Leaving directory `/home/sxy/Github/cpp/stdlib_h/build/build/CMakeFiles/CMakeTmp'


Detecting C compiler ABI info compiled with the following output:
Change Dir: /home/sxy/Github/cpp/stdlib_h/build/build/CMakeFiles/CMakeTmp

Run Build Command(s):/bin/gmake cmTC_f265f/fast 
/bin/gmake -f CMakeFiles/cmTC_f265f.dir/build.make CMakeFiles/cmTC_f265f.dir/build
gmake[1]: Entering directory `/home/sxy/Github/cpp/stdlib_h/build/build/CMakeFiles/CMakeTmp'
Building C object CMakeFiles/cmTC_f265f.dir/CMakeCCompilerABI.c.o
/bin/cc   -v -o CMakeFiles/cmTC_f265f.dir/CMakeCCompilerABI.c.o   -c /usr/local/share/cmake-3.14/Modules/CMakeCCompilerABI.c
Using built-in specs.
COLLECT_GCC=/bin/cc
Target: x86_64-redhat-linux
Configured with: ../configure --prefix=/usr --mandir=/usr/share/man --infodir=/usr/share/info --with-bugurl=http://bugzilla.redhat.com/bugzilla --enable-bootstrap --enable-shared --enable-threads=posix --enable-checking=release --with-system-zlib --enable-__cxa_atexit --disable-libunwind-exceptions --enable-gnu-unique-object --enable-linker-build-id --with-linker-hash-style=gnu --enable-languages=c,c++,objc,obj-c++,java,fortran,ada,go,lto --enable-plugin --enable-initfini-array --disable-libgcj --with-isl=/builddir/build/BUILD/gcc-4.8.5-20150702/obj-x86_64-redhat-linux/isl-install --with-cloog=/builddir/build/BUILD/gcc-4.8.5-20150702/obj-x86_64-redhat-linux/cloog-install --enable-gnu-indirect-function --with-tune=generic --with-arch_32=x86-64 --build=x86_64-redhat-linux
Thread model: posix
gcc version 4.8.5 20150623 (Red Hat 4.8.5-44) (GCC) 
COLLECT_GCC_OPTIONS='-v' '-o' 'CMakeFiles/cmTC_f265f.dir/CMakeCCompilerABI.c.o' '-c' '-mtune=generic' '-march=x86-64'
 /usr/libexec/gcc/x86_64-redhat-linux/4.8.5/cc1 -quiet -v /usr/local/share/cmake-3.14/Modules/CMakeCCompilerABI.c -quiet -dumpbase CMakeCCompilerABI.c -mtune=generic -march=x86-64 -auxbase-strip CMakeFiles/cmTC_f265f.dir/CMakeCCompilerABI.c.o -version -o /tmp/ccxgzR6u.s
GNU C (GCC) version 4.8.5 20150623 (Red Hat 4.8.5-44) (x86_64-redhat-linux)
	compiled by GNU C version 4.8.5 20150623 (Red Hat 4.8.5-44), GMP version 6.0.0, MPFR version 3.1.1, MPC version 1.0.1
GGC heuristics: --param ggc-min-expand=100 --param ggc-min-heapsize=131072
ignoring nonexistent directory "/usr/lib/gcc/x86_64-redhat-linux/4.8.5/include-fixed"
ignoring nonexistent directory "/usr/lib/gcc/x86_64-redhat-linux/4.8.5/../../../../x86_64-redhat-linux/include"
#include "..." search starts here:
#include <...> search starts here:
 /usr/lib/gcc/x86_64-redhat-linux/4.8.5/include
 /usr/local/include
 /usr/include
End of search list.
GNU C (GCC) version 4.8.5 20150623 (Red Hat 4.8.5-44) (x86_64-redhat-linux)
	compiled by GNU C version 4.8.5 20150623 (Red Hat 4.8.5-44), GMP version 6.0.0, MPFR version 3.1.1, MPC version 1.0.1
GGC heuristics: --param ggc-min-expand=100 --param ggc-min-heapsize=131072
Compiler executable checksum: 231b3394950636dbfe0428e88716bc73
COLLECT_GCC_OPTIONS='-v' '-o' 'CMakeFiles/cmTC_f265f.dir/CMakeCCompilerABI.c.o' '-c' '-mtune=generic' '-march=x86-64'
 as -v --64 -o CMakeFiles/cmTC_f265f.dir/CMakeCCompilerABI.c.o /tmp/ccxgzR6u.s
GNU assembler version 2.27 (x86_64-redhat-linux) using BFD version version 2.27-44.base.el7
COMPILER_PATH=/usr/libexec/gcc/x86_64-redhat-linux/4.8.5/:/usr/libexec/gcc/x86_64-redhat-linux/4.8.5/:/usr/libexec/gcc/x86_64-redhat-linux/:/usr/lib/gcc/x86_64-redhat-linux/4.8.5/:/usr/lib/gcc/x86_64-redhat-linux/
LIBRARY_PATH=/home/sxy/Software//opencv-3.4.1/lib64/../lib64/:/home/sxy/Software//dlib-19.7/lib64/../lib64/:/home/sxy/Software//opencv-3.4.1/lib64/../lib64/:/home/sxy/Software//dlib-19.7/lib64/../lib64/:/usr/lib/gcc/x86_64-redhat-linux/4.8.5/:/usr/lib/gcc/x86_64-redhat-linux/4.8.5/../../../../lib64/:/lib/../lib64/:/usr/lib/../lib64/:./:/home/sxy/Software//curl-7.64.0/lib/:/home/sxy/Software//opencv-3.4.1/lib64/:/home/sxy/Software//dlib-19.7/lib64/:/home/sxy/Software//ffmpeg-2.8.15/lib/:/home/sxy/Software//curl-7.64.0/lib/:/home/sxy/Software//opencv-3.4.1/lib64/:/home/sxy/Software//dlib-19.7/lib64/:/home/sxy/Software//ffmpeg-2.8.15/lib/:/home/sxy/Software/boost_1_76_0/lib/:/usr/lib/gcc/x86_64-redhat-linux/4.8.5/../../../:/lib/:/usr/lib/
COLLECT_GCC_OPTIONS='-v' '-o' 'CMakeFiles/cmTC_f265f.dir/CMakeCCompilerABI.c.o' '-c' '-mtune=generic' '-march=x86-64'
Linking C executable cmTC_f265f
/usr/local/bin/cmake -E cmake_link_script CMakeFiles/cmTC_f265f.dir/link.txt --verbose=1
/bin/cc     -v -rdynamic CMakeFiles/cmTC_f265f.dir/CMakeCCompilerABI.c.o  -o cmTC_f265f 
Using built-in specs.
COLLECT_GCC=/bin/cc
COLLECT_LTO_WRAPPER=/usr/libexec/gcc/x86_64-redhat-linux/4.8.5/lto-wrapper
Target: x86_64-redhat-linux
Configured with: ../configure --prefix=/usr --mandir=/usr/share/man --infodir=/usr/share/info --with-bugurl=http://bugzilla.redhat.com/bugzilla --enable-bootstrap --enable-shared --enable-threads=posix --enable-checking=release --with-system-zlib --enable-__cxa_atexit --disable-libunwind-exceptions --enable-gnu-unique-object --enable-linker-build-id --with-linker-hash-style=gnu --enable-languages=c,c++,objc,obj-c++,java,fortran,ada,go,lto --enable-plugin --enable-initfini-array --disable-libgcj --with-isl=/builddir/build/BUILD/gcc-4.8.5-20150702/obj-x86_64-redhat-linux/isl-install --with-cloog=/builddir/build/BUILD/gcc-4.8.5-20150702/obj-x86_64-redhat-linux/cloog-install --enable-gnu-indirect-function --with-tune=generic --with-arch_32=x86-64 --build=x86_64-redhat-linux
Thread model: posix
gcc version 4.8.5 20150623 (Red Hat 4.8.5-44) (GCC) 
COMPILER_PATH=/usr/libexec/gcc/x86_64-redhat-linux/4.8.5/:/usr/libexec/gcc/x86_64-redhat-linux/4.8.5/:/usr/libexec/gcc/x86_64-redhat-linux/:/usr/lib/gcc/x86_64-redhat-linux/4.8.5/:/usr/lib/gcc/x86_64-redhat-linux/
LIBRARY_PATH=/home/sxy/Software//opencv-3.4.1/lib64/../lib64/:/home/sxy/Software//dlib-19.7/lib64/../lib64/:/home/sxy/Software//opencv-3.4.1/lib64/../lib64/:/home/sxy/Software//dlib-19.7/lib64/../lib64/:/usr/lib/gcc/x86_64-redhat-linux/4.8.5/:/usr/lib/gcc/x86_64-redhat-linux/4.8.5/../../../../lib64/:/lib/../lib64/:/usr/lib/../lib64/:./:/home/sxy/Software//curl-7.64.0/lib/:/home/sxy/Software//opencv-3.4.1/lib64/:/home/sxy/Software//dlib-19.7/lib64/:/home/sxy/Software//ffmpeg-2.8.15/lib/:/home/sxy/Software//curl-7.64.0/lib/:/home/sxy/Software//opencv-3.4.1/lib64/:/home/sxy/Software//dlib-19.7/lib64/:/home/sxy/Software//ffmpeg-2.8.15/lib/:/home/sxy/Software/boost_1_76_0/lib/:/usr/lib/gcc/x86_64-redhat-linux/4.8.5/../../../:/lib/:/usr/lib/
COLLECT_GCC_OPTIONS='-v' '-rdynamic' '-o' 'cmTC_f265f' '-mtune=generic' '-march=x86-64'
 /usr/libexec/gcc/x86_64-redhat-linux/4.8.5/collect2 --build-id --no-add-needed --eh-frame-hdr --hash-style=gnu -m elf_x86_64 -export-dynamic -dynamic-linker /lib64/ld-linux-x86-64.so.2 -o cmTC_f265f /usr/lib/gcc/x86_64-redhat-linux/4.8.5/../../../../lib64/crt1.o /usr/lib/gcc/x86_64-redhat-linux/4.8.5/../../../../lib64/crti.o /usr/lib/gcc/x86_64-redhat-linux/4.8.5/crtbegin.o -L/home/sxy/Software//opencv-3.4.1/lib64/../lib64 -L/home/sxy/Software//dlib-19.7/lib64/../lib64 -L/home/sxy/Software//opencv-3.4.1/lib64/../lib64 -L/home/sxy/Software//dlib-19.7/lib64/../lib64 -L/usr/lib/gcc/x86_64-redhat-linux/4.8.5 -L/usr/lib/gcc/x86_64-redhat-linux/4.8.5/../../../../lib64 -L/lib/../lib64 -L/usr/lib/../lib64 -L. -L/home/sxy/Software//curl-7.64.0/lib -L/home/sxy/Software//opencv-3.4.1/lib64 -L/home/sxy/Software//dlib-19.7/lib64 -L/home/sxy/Software//ffmpeg-2.8.15/lib -L/home/sxy/Software//curl-7.64.0/lib -L/home/sxy/Software//opencv-3.4.1/lib64 -L/home/sxy/Software//dlib-19.7/lib64 -L/home/sxy/Software//ffmpeg-2.8.15/lib -L/home/sxy/Software/boost_1_76_0/lib -L/usr/lib/gcc/x86_64-redhat-linux/4.8.5/../../.. CMakeFiles/cmTC_f265f.dir/CMakeCCompilerABI.c.o -lgcc --as-needed -lgcc_s --no-as-needed -lc -lgcc --as-needed -lgcc_s --no-as-needed /usr/lib/gcc/x86_64-redhat-linux/4.8.5/crtend.o /usr/lib/gcc/x86_64-redhat-linux/4.8.5/../../../../lib64/crtn.o
gmake[1]: Leaving directory `/home/sxy/Github/cpp/stdlib_h/build/build/CMakeFiles/CMakeTmp'


Parsed C implicit include dir info from above output: rv=done
  found start of include info
  found start of implicit include info
    add: [/usr/lib/gcc/x86_64-redhat-linux/4.8.5/include]
    add: [/usr/local/include]
    add: [/usr/include]
  end of search list found
  collapse include dir [/usr/lib/gcc/x86_64-redhat-linux/4.8.5/include] ==> [/usr/lib/gcc/x86_64-redhat-linux/4.8.5/include]
  collapse include dir [/usr/local/include] ==> [/usr/local/include]
  collapse include dir [/usr/include] ==> [/usr/include]
  implicit include dirs: [/usr/lib/gcc/x86_64-redhat-linux/4.8.5/include;/usr/local/include;/usr/include]


Parsed C implicit link information from above output:
  link line regex: [^( *|.*[/\])(ld|CMAKE_LINK_STARTFILE-NOTFOUND|([^/\]+-)?ld|collect2)[^/\]*( |$)]
  ignore line: [Change Dir: /home/sxy/Github/cpp/stdlib_h/build/build/CMakeFiles/CMakeTmp]
  ignore line: []
  ignore line: [Run Build Command(s):/bin/gmake cmTC_f265f/fast ]
  ignore line: [/bin/gmake -f CMakeFiles/cmTC_f265f.dir/build.make CMakeFiles/cmTC_f265f.dir/build]
  ignore line: [gmake[1]: Entering directory `/home/sxy/Github/cpp/stdlib_h/build/build/CMakeFiles/CMakeTmp']
  ignore line: [Building C object CMakeFiles/cmTC_f265f.dir/CMakeCCompilerABI.c.o]
  ignore line: [/bin/cc   -v -o CMakeFiles/cmTC_f265f.dir/CMakeCCompilerABI.c.o   -c /usr/local/share/cmake-3.14/Modules/CMakeCCompilerABI.c]
  ignore line: [Using built-in specs.]
  ignore line: [COLLECT_GCC=/bin/cc]
  ignore line: [Target: x86_64-redhat-linux]
  ignore line: [Configured with: ../configure --prefix=/usr --mandir=/usr/share/man --infodir=/usr/share/info --with-bugurl=http://bugzilla.redhat.com/bugzilla --enable-bootstrap --enable-shared --enable-threads=posix --enable-checking=release --with-system-zlib --enable-__cxa_atexit --disable-libunwind-exceptions --enable-gnu-unique-object --enable-linker-build-id --with-linker-hash-style=gnu --enable-languages=c,c++,objc,obj-c++,java,fortran,ada,go,lto --enable-plugin --enable-initfini-array --disable-libgcj --with-isl=/builddir/build/BUILD/gcc-4.8.5-20150702/obj-x86_64-redhat-linux/isl-install --with-cloog=/builddir/build/BUILD/gcc-4.8.5-20150702/obj-x86_64-redhat-linux/cloog-install --enable-gnu-indirect-function --with-tune=generic --with-arch_32=x86-64 --build=x86_64-redhat-linux]
  ignore line: [Thread model: posix]
  ignore line: [gcc version 4.8.5 20150623 (Red Hat 4.8.5-44) (GCC) ]
  ignore line: [COLLECT_GCC_OPTIONS='-v' '-o' 'CMakeFiles/cmTC_f265f.dir/CMakeCCompilerABI.c.o' '-c' '-mtune=generic' '-march=x86-64']
  ignore line: [ /usr/libexec/gcc/x86_64-redhat-linux/4.8.5/cc1 -quiet -v /usr/local/share/cmake-3.14/Modules/CMakeCCompilerABI.c -quiet -dumpbase CMakeCCompilerABI.c -mtune=generic -march=x86-64 -auxbase-strip CMakeFiles/cmTC_f265f.dir/CMakeCCompilerABI.c.o -version -o /tmp/ccxgzR6u.s]
  ignore line: [GNU C (GCC) version 4.8.5 20150623 (Red Hat 4.8.5-44) (x86_64-redhat-linux)]
  ignore line: [	compiled by GNU C version 4.8.5 20150623 (Red Hat 4.8.5-44), GMP version 6.0.0, MPFR version 3.1.1, MPC version 1.0.1]
  ignore line: [GGC heuristics: --param ggc-min-expand=100 --param ggc-min-heapsize=131072]
  ignore line: [ignoring nonexistent directory "/usr/lib/gcc/x86_64-redhat-linux/4.8.5/include-fixed"]
  ignore line: [ignoring nonexistent directory "/usr/lib/gcc/x86_64-redhat-linux/4.8.5/../../../../x86_64-redhat-linux/include"]
  ignore line: [#include "..." search starts here:]
  ignore line: [#include <...> search starts here:]
  ignore line: [ /usr/lib/gcc/x86_64-redhat-linux/4.8.5/include]
  ignore line: [ /usr/local/include]
  ignore line: [ /usr/include]
  ignore line: [End of search list.]
  ignore line: [GNU C (GCC) version 4.8.5 20150623 (Red Hat 4.8.5-44) (x86_64-redhat-linux)]
  ignore line: [	compiled by GNU C version 4.8.5 20150623 (Red Hat 4.8.5-44), GMP version 6.0.0, MPFR version 3.1.1, MPC version 1.0.1]
  ignore line: [GGC heuristics: --param ggc-min-expand=100 --param ggc-min-heapsize=131072]
  ignore line: [Compiler executable checksum: 231b3394950636dbfe0428e88716bc73]
  ignore line: [COLLECT_GCC_OPTIONS='-v' '-o' 'CMakeFiles/cmTC_f265f.dir/CMakeCCompilerABI.c.o' '-c' '-mtune=generic' '-march=x86-64']
  ignore line: [ as -v --64 -o CMakeFiles/cmTC_f265f.dir/CMakeCCompilerABI.c.o /tmp/ccxgzR6u.s]
  ignore line: [GNU assembler version 2.27 (x86_64-redhat-linux) using BFD version version 2.27-44.base.el7]
  ignore line: [COMPILER_PATH=/usr/libexec/gcc/x86_64-redhat-linux/4.8.5/:/usr/libexec/gcc/x86_64-redhat-linux/4.8.5/:/usr/libexec/gcc/x86_64-redhat-linux/:/usr/lib/gcc/x86_64-redhat-linux/4.8.5/:/usr/lib/gcc/x86_64-redhat-linux/]
  ignore line: [LIBRARY_PATH=/home/sxy/Software//opencv-3.4.1/lib64/../lib64/:/home/sxy/Software//dlib-19.7/lib64/../lib64/:/home/sxy/Software//opencv-3.4.1/lib64/../lib64/:/home/sxy/Software//dlib-19.7/lib64/../lib64/:/usr/lib/gcc/x86_64-redhat-linux/4.8.5/:/usr/lib/gcc/x86_64-redhat-linux/4.8.5/../../../../lib64/:/lib/../lib64/:/usr/lib/../lib64/:./:/home/sxy/Software//curl-7.64.0/lib/:/home/sxy/Software//opencv-3.4.1/lib64/:/home/sxy/Software//dlib-19.7/lib64/:/home/sxy/Software//ffmpeg-2.8.15/lib/:/home/sxy/Software//curl-7.64.0/lib/:/home/sxy/Software//opencv-3.4.1/lib64/:/home/sxy/Software//dlib-19.7/lib64/:/home/sxy/Software//ffmpeg-2.8.15/lib/:/home/sxy/Software/boost_1_76_0/lib/:/usr/lib/gcc/x86_64-redhat-linux/4.8.5/../../../:/lib/:/usr/lib/]
  ignore line: [COLLECT_GCC_OPTIONS='-v' '-o' 'CMakeFiles/cmTC_f265f.dir/CMakeCCompilerABI.c.o' '-c' '-mtune=generic' '-march=x86-64']
  ignore line: [Linking C executable cmTC_f265f]
  ignore line: [/usr/local/bin/cmake -E cmake_link_script CMakeFiles/cmTC_f265f.dir/link.txt --verbose=1]
  ignore line: [/bin/cc     -v -rdynamic CMakeFiles/cmTC_f265f.dir/CMakeCCompilerABI.c.o  -o cmTC_f265f ]
  ignore line: [Using built-in specs.]
  ignore line: [COLLECT_GCC=/bin/cc]
  ignore line: [COLLECT_LTO_WRAPPER=/usr/libexec/gcc/x86_64-redhat-linux/4.8.5/lto-wrapper]
  ignore line: [Target: x86_64-redhat-linux]
  ignore line: [Configured with: ../configure --prefix=/usr --mandir=/usr/share/man --infodir=/usr/share/info --with-bugurl=http://bugzilla.redhat.com/bugzilla --enable-bootstrap --enable-shared --enable-threads=posix --enable-checking=release --with-system-zlib --enable-__cxa_atexit --disable-libunwind-exceptions --enable-gnu-unique-object --enable-linker-build-id --with-linker-hash-style=gnu --enable-languages=c,c++,objc,obj-c++,java,fortran,ada,go,lto --enable-plugin --enable-initfini-array --disable-libgcj --with-isl=/builddir/build/BUILD/gcc-4.8.5-20150702/obj-x86_64-redhat-linux/isl-install --with-cloog=/builddir/build/BUILD/gcc-4.8.5-20150702/obj-x86_64-redhat-linux/cloog-install --enable-gnu-indirect-function --with-tune=generic --with-arch_32=x86-64 --build=x86_64-redhat-linux]
  ignore line: [Thread model: posix]
  ignore line: [gcc version 4.8.5 20150623 (Red Hat 4.8.5-44) (GCC) ]
  ignore line: [COMPILER_PATH=/usr/libexec/gcc/x86_64-redhat-linux/4.8.5/:/usr/libexec/gcc/x86_64-redhat-linux/4.8.5/:/usr/libexec/gcc/x86_64-redhat-linux/:/usr/lib/gcc/x86_64-redhat-linux/4.8.5/:/usr/lib/gcc/x86_64-redhat-linux/]
  ignore line: [LIBRARY_PATH=/home/sxy/Software//opencv-3.4.1/lib64/../lib64/:/home/sxy/Software//dlib-19.7/lib64/../lib64/:/home/sxy/Software//opencv-3.4.1/lib64/../lib64/:/home/sxy/Software//dlib-19.7/lib64/../lib64/:/usr/lib/gcc/x86_64-redhat-linux/4.8.5/:/usr/lib/gcc/x86_64-redhat-linux/4.8.5/../../../../lib64/:/lib/../lib64/:/usr/lib/../lib64/:./:/home/sxy/Software//curl-7.64.0/lib/:/home/sxy/Software//opencv-3.4.1/lib64/:/home/sxy/Software//dlib-19.7/lib64/:/home/sxy/Software//ffmpeg-2.8.15/lib/:/home/sxy/Software//curl-7.64.0/lib/:/home/sxy/Software//opencv-3.4.1/lib64/:/home/sxy/Software//dlib-19.7/lib64/:/home/sxy/Software//ffmpeg-2.8.15/lib/:/home/sxy/Software/boost_1_76_0/lib/:/usr/lib/gcc/x86_64-redhat-linux/4.8.5/../../../:/lib/:/usr/lib/]
  ignore line: [COLLECT_GCC_OPTIONS='-v' '-rdynamic' '-o' 'cmTC_f265f' '-mtune=generic' '-march=x86-64']
  link line: [ /usr/libexec/gcc/x86_64-redhat-linux/4.8.5/collect2 --build-id --no-add-needed --eh-frame-hdr --hash-style=gnu -m elf_x86_64 -export-dynamic -dynamic-linker /lib64/ld-linux-x86-64.so.2 -o cmTC_f265f /usr/lib/gcc/x86_64-redhat-linux/4.8.5/../../../../lib64/crt1.o /usr/lib/gcc/x86_64-redhat-linux/4.8.5/../../../../lib64/crti.o /usr/lib/gcc/x86_64-redhat-linux/4.8.5/crtbegin.o -L/home/sxy/Software//opencv-3.4.1/lib64/../lib64 -L/home/sxy/Software//dlib-19.7/lib64/../lib64 -L/home/sxy/Software//opencv-3.4.1/lib64/../lib64 -L/home/sxy/Software//dlib-19.7/lib64/../lib64 -L/usr/lib/gcc/x86_64-redhat-linux/4.8.5 -L/usr/lib/gcc/x86_64-redhat-linux/4.8.5/../../../../lib64 -L/lib/../lib64 -L/usr/lib/../lib64 -L. -L/home/sxy/Software//curl-7.64.0/lib -L/home/sxy/Software//opencv-3.4.1/lib64 -L/home/sxy/Software//dlib-19.7/lib64 -L/home/sxy/Software//ffmpeg-2.8.15/lib -L/home/sxy/Software//curl-7.64.0/lib -L/home/sxy/Software//opencv-3.4.1/lib64 -L/home/sxy/Software//dlib-19.7/lib64 -L/home/sxy/Software//ffmpeg-2.8.15/lib -L/home/sxy/Software/boost_1_76_0/lib -L/usr/lib/gcc/x86_64-redhat-linux/4.8.5/../../.. CMakeFiles/cmTC_f265f.dir/CMakeCCompilerABI.c.o -lgcc --as-needed -lgcc_s --no-as-needed -lc -lgcc --as-needed -lgcc_s --no-as-needed /usr/lib/gcc/x86_64-redhat-linux/4.8.5/crtend.o /usr/lib/gcc/x86_64-redhat-linux/4.8.5/../../../../lib64/crtn.o]
    arg [/usr/libexec/gcc/x86_64-redhat-linux/4.8.5/collect2] ==> ignore
    arg [--build-id] ==> ignore
    arg [--no-add-needed] ==> ignore
    arg [--eh-frame-hdr] ==> ignore
    arg [--hash-style=gnu] ==> ignore
    arg [-m] ==> ignore
    arg [elf_x86_64] ==> ignore
    arg [-export-dynamic] ==> ignore
    arg [-dynamic-linker] ==> ignore
    arg [/lib64/ld-linux-x86-64.so.2] ==> ignore
    arg [-o] ==> ignore
    arg [cmTC_f265f] ==> ignore
    arg [/usr/lib/gcc/x86_64-redhat-linux/4.8.5/../../../../lib64/crt1.o] ==> ignore
    arg [/usr/lib/gcc/x86_64-redhat-linux/4.8.5/../../../../lib64/crti.o] ==> ignore
    arg [/usr/lib/gcc/x86_64-redhat-linux/4.8.5/crtbegin.o] ==> ignore
    arg [-L/home/sxy/Software//opencv-3.4.1/lib64/../lib64] ==> dir [/home/sxy/Software//opencv-3.4.1/lib64/../lib64]
    arg [-L/home/sxy/Software//dlib-19.7/lib64/../lib64] ==> dir [/home/sxy/Software//dlib-19.7/lib64/../lib64]
    arg [-L/home/sxy/Software//opencv-3.4.1/lib64/../lib64] ==> dir [/home/sxy/Software//opencv-3.4.1/lib64/../lib64]
    arg [-L/home/sxy/Software//dlib-19.7/lib64/../lib64] ==> dir [/home/sxy/Software//dlib-19.7/lib64/../lib64]
    arg [-L/usr/lib/gcc/x86_64-redhat-linux/4.8.5] ==> dir [/usr/lib/gcc/x86_64-redhat-linux/4.8.5]
    arg [-L/usr/lib/gcc/x86_64-redhat-linux/4.8.5/../../../../lib64] ==> dir [/usr/lib/gcc/x86_64-redhat-linux/4.8.5/../../../../lib64]
    arg [-L/lib/../lib64] ==> dir [/lib/../lib64]
    arg [-L/usr/lib/../lib64] ==> dir [/usr/lib/../lib64]
    arg [-L.] ==> ignore
    arg [-L/home/sxy/Software//curl-7.64.0/lib] ==> dir [/home/sxy/Software//curl-7.64.0/lib]
    arg [-L/home/sxy/Software//opencv-3.4.1/lib64] ==> dir [/home/sxy/Software//opencv-3.4.1/lib64]
    arg [-L/home/sxy/Software//dlib-19.7/lib64] ==> dir [/home/sxy/Software//dlib-19.7/lib64]
    arg [-L/home/sxy/Software//ffmpeg-2.8.15/lib] ==> dir [/home/sxy/Software//ffmpeg-2.8.15/lib]
    arg [-L/home/sxy/Software//curl-7.64.0/lib] ==> dir [/home/sxy/Software//curl-7.64.0/lib]
    arg [-L/home/sxy/Software//opencv-3.4.1/lib64] ==> dir [/home/sxy/Software//opencv-3.4.1/lib64]
    arg [-L/home/sxy/Software//dlib-19.7/lib64] ==> dir [/home/sxy/Software//dlib-19.7/lib64]
    arg [-L/home/sxy/Software//ffmpeg-2.8.15/lib] ==> dir [/home/sxy/Software//ffmpeg-2.8.15/lib]
    arg [-L/home/sxy/Software/boost_1_76_0/lib] ==> dir [/home/sxy/Software/boost_1_76_0/lib]
    arg [-L/usr/lib/gcc/x86_64-redhat-linux/4.8.5/../../..] ==> dir [/usr/lib/gcc/x86_64-redhat-linux/4.8.5/../../..]
    arg [CMakeFiles/cmTC_f265f.dir/CMakeCCompilerABI.c.o] ==> ignore
    arg [-lgcc] ==> lib [gcc]
    arg [--as-needed] ==> ignore
    arg [-lgcc_s] ==> lib [gcc_s]
    arg [--no-as-needed] ==> ignore
    arg [-lc] ==> lib [c]
    arg [-lgcc] ==> lib [gcc]
    arg [--as-needed] ==> ignore
    arg [-lgcc_s] ==> lib [gcc_s]
    arg [--no-as-needed] ==> ignore
    arg [/usr/lib/gcc/x86_64-redhat-linux/4.8.5/crtend.o] ==> ignore
    arg [/usr/lib/gcc/x86_64-redhat-linux/4.8.5/../../../../lib64/crtn.o] ==> ignore
  collapse library dir [/home/sxy/Software//opencv-3.4.1/lib64/../lib64] ==> [/home/sxy/Software/opencv-3.4.1/lib64]
  collapse library dir [/home/sxy/Software//dlib-19.7/lib64/../lib64] ==> [/home/sxy/Software/dlib-19.7/lib64]
  collapse library dir [/home/sxy/Software//opencv-3.4.1/lib64/../lib64] ==> [/home/sxy/Software/opencv-3.4.1/lib64]
  collapse library dir [/home/sxy/Software//dlib-19.7/lib64/../lib64] ==> [/home/sxy/Software/dlib-19.7/lib64]
  collapse library dir [/usr/lib/gcc/x86_64-redhat-linux/4.8.5] ==> [/usr/lib/gcc/x86_64-redhat-linux/4.8.5]
  collapse library dir [/usr/lib/gcc/x86_64-redhat-linux/4.8.5/../../../../lib64] ==> [/usr/lib64]
  collapse library dir [/lib/../lib64] ==> [/lib64]
  collapse library dir [/usr/lib/../lib64] ==> [/usr/lib64]
  collapse library dir [/home/sxy/Software//curl-7.64.0/lib] ==> [/home/sxy/Software/curl-7.64.0/lib]
  collapse library dir [/home/sxy/Software//opencv-3.4.1/lib64] ==> [/home/sxy/Software/opencv-3.4.1/lib64]
  collapse library dir [/home/sxy/Software//dlib-19.7/lib64] ==> [/home/sxy/Software/dlib-19.7/lib64]
  collapse library dir [/home/sxy/Software//ffmpeg-2.8.15/lib] ==> [/home/sxy/Software/ffmpeg-2.8.15/lib]
  collapse library dir [/home/sxy/Software//curl-7.64.0/lib] ==> [/home/sxy/Software/curl-7.64.0/lib]
  collapse library dir [/home/sxy/Software//opencv-3.4.1/lib64] ==> [/home/sxy/Software/opencv-3.4.1/lib64]
  collapse library dir [/home/sxy/Software//dlib-19.7/lib64] ==> [/home/sxy/Software/dlib-19.7/lib64]
  collapse library dir [/home/sxy/Software//ffmpeg-2.8.15/lib] ==> [/home/sxy/Software/ffmpeg-2.8.15/lib]
  collapse library dir [/home/sxy/Software/boost_1_76_0/lib] ==> [/home/sxy/Software/boost_1_76_0/lib]
  collapse library dir [/usr/lib/gcc/x86_64-redhat-linux/4.8.5/../../..] ==> [/usr/lib]
  implicit libs: [gcc;gcc_s;c;gcc;gcc_s]
  implicit dirs: [/home/sxy/Software/opencv-3.4.1/lib64;/home/sxy/Software/dlib-19.7/lib64;/usr/lib/gcc/x86_64-redhat-linux/4.8.5;/usr/lib64;/lib64;/home/sxy/Software/curl-7.64.0/lib;/home/sxy/Software/ffmpeg-2.8.15/lib;/home/sxy/Software/boost_1_76_0/lib;/usr/lib]
  implicit fwks: []




Detecting C [-std=c11] compiler features compiled with the following output:
Change Dir: /home/sxy/Github/cpp/stdlib_h/build/build/CMakeFiles/CMakeTmp

Run Build Command(s):/bin/gmake cmTC_288ec/fast 
/bin/gmake -f CMakeFiles/cmTC_288ec.dir/build.make CMakeFiles/cmTC_288ec.dir/build
gmake[1]: Entering directory `/home/sxy/Github/cpp/stdlib_h/build/build/CMakeFiles/CMakeTmp'
Building C object CMakeFiles/cmTC_288ec.dir/feature_tests.c.o
/bin/cc   -std=c11 -o CMakeFiles/cmTC_288ec.dir/feature_tests.c.o   -c /home/sxy/Github/cpp/stdlib_h/build/build/CMakeFiles/feature_tests.c
Linking C executable cmTC_288ec
/usr/local/bin/cmake -E cmake_link_script CMakeFiles/cmTC_288ec.dir/link.txt --verbose=1
/bin/cc      -rdynamic CMakeFiles/cmTC_288ec.dir/feature_tests.c.o  -o cmTC_288ec 
gmake[1]: Leaving directory `/home/sxy/Github/cpp/stdlib_h/build/build/CMakeFiles/CMakeTmp'


    Feature record: C_FEATURE:1c_function_prototypes
    Feature record: C_FEATURE:1c_restrict
    Feature record: C_FEATURE:1c_static_assert
    Feature record: C_FEATURE:1c_variadic_macros


Detecting C [-std=c99] compiler features compiled with the following output:
Change Dir: /home/sxy/Github/cpp/stdlib_h/build/build/CMakeFiles/CMakeTmp

Run Build Command(s):/bin/gmake cmTC_3f8fc/fast 
/bin/gmake -f CMakeFiles/cmTC_3f8fc.dir/build.make CMakeFiles/cmTC_3f8fc.dir/build
gmake[1]: Entering directory `/home/sxy/Github/cpp/stdlib_h/build/build/CMakeFiles/CMakeTmp'
Building C object CMakeFiles/cmTC_3f8fc.dir/feature_tests.c.o
/bin/cc   -std=c99 -o CMakeFiles/cmTC_3f8fc.dir/feature_tests.c.o   -c /home/sxy/Github/cpp/stdlib_h/build/build/CMakeFiles/feature_tests.c
Linking C executable cmTC_3f8fc
/usr/local/bin/cmake -E cmake_link_script CMakeFiles/cmTC_3f8fc.dir/link.txt --verbose=1
/bin/cc      -rdynamic CMakeFiles/cmTC_3f8fc.dir/feature_tests.c.o  -o cmTC_3f8fc 
gmake[1]: Leaving directory `/home/sxy/Github/cpp/stdlib_h/build/build/CMakeFiles/CMakeTmp'


    Feature record: C_FEATURE:1c_function_prototypes
    Feature record: C_FEATURE:1c_restrict
    Feature record: C_FEATURE:0c_static_assert
    Feature record: C_FEATURE:1c_variadic_macros


Detecting C [-std=c90] compiler features compiled with the following output:
Change Dir: /home/sxy/Github/cpp/stdlib_h/build/build/CMakeFiles/CMakeTmp

Run Build Command(s):/bin/gmake cmTC_caa34/fast 
/bin/gmake -f CMakeFiles/cmTC_caa34.dir/build.make CMakeFiles/cmTC_caa34.dir/build
gmake[1]: Entering directory `/home/sxy/Github/cpp/stdlib_h/build/build/CMakeFiles/CMakeTmp'
Building C object CMakeFiles/cmTC_caa34.dir/feature_tests.c.o
/bin/cc   -std=c90 -o CMakeFiles/cmTC_caa34.dir/feature_tests.c.o   -c /home/sxy/Github/cpp/stdlib_h/build/build/CMakeFiles/feature_tests.c
Linking C executable cmTC_caa34
/usr/local/bin/cmake -E cmake_link_script CMakeFiles/cmTC_caa34.dir/link.txt --verbose=1
/bin/cc      -rdynamic CMakeFiles/cmTC_caa34.dir/feature_tests.c.o  -o cmTC_caa34 
gmake[1]: Leaving directory `/home/sxy/Github/cpp/stdlib_h/build/build/CMakeFiles/CMakeTmp'


    Feature record: C_FEATURE:1c_function_prototypes
    Feature record: C_FEATURE:0c_restrict
    Feature record: C_FEATURE:0c_static_assert
    Feature record: C_FEATURE:0c_variadic_macros
