Determining if the pthread_create exist failed with the following output:
Change Dir: /home/sxy/Github/cpp/mongocpp/mongodb_driver/cxx/CMakeFiles/CMakeTmp

Run Build Command(s):/usr/bin/gmake cmTC_86e37/fast 
gmake[1]: Entering directory `/home/sxy/Github/cpp/mongocpp/mongodb_driver/cxx/CMakeFiles/CMakeTmp'
/usr/bin/gmake -f CMakeFiles/cmTC_86e37.dir/build.make CMakeFiles/cmTC_86e37.dir/build
gmake[2]: Entering directory `/home/sxy/Github/cpp/mongocpp/mongodb_driver/cxx/CMakeFiles/CMakeTmp'
Building CXX object CMakeFiles/cmTC_86e37.dir/CheckSymbolExists.cxx.o
/usr/bin/c++     -o CMakeFiles/cmTC_86e37.dir/CheckSymbolExists.cxx.o -c /home/sxy/Github/cpp/mongocpp/mongodb_driver/cxx/CMakeFiles/CMakeTmp/CheckSymbolExists.cxx
Linking CXX executable cmTC_86e37
/usr/local/bin/cmake -E cmake_link_script CMakeFiles/cmTC_86e37.dir/link.txt --verbose=1
/usr/bin/c++       -rdynamic CMakeFiles/cmTC_86e37.dir/CheckSymbolExists.cxx.o  -o cmTC_86e37 
CMakeFiles/cmTC_86e37.dir/CheckSymbolExists.cxx.o: In function `main':
CheckSymbolExists.cxx:(.text+0x16): undefined reference to `pthread_create'
collect2: error: ld returned 1 exit status
gmake[2]: *** [cmTC_86e37] Error 1
gmake[2]: Leaving directory `/home/sxy/Github/cpp/mongocpp/mongodb_driver/cxx/CMakeFiles/CMakeTmp'
gmake[1]: *** [cmTC_86e37/fast] Error 2
gmake[1]: Leaving directory `/home/sxy/Github/cpp/mongocpp/mongodb_driver/cxx/CMakeFiles/CMakeTmp'

File /home/sxy/Github/cpp/mongocpp/mongodb_driver/cxx/CMakeFiles/CMakeTmp/CheckSymbolExists.cxx:
/* */
#include <pthread.h>

int main(int argc, char** argv)
{
  (void)argv;
#ifndef pthread_create
  return ((int*)(&pthread_create))[argc];
#else
  (void)argc;
  return 0;
#endif
}

