This file contains any messages produced by compilers while
running configure, to aid debugging if configure makes a mistake.

It was created by helloworld configure 0.1, which was
generated by GNU Autoconf 2.69.  Invocation command line was

  $ ./configure 

## --------- ##
## Platform. ##
## --------- ##

hostname = DESKTOP-SXY
uname -m = x86_64
uname -r = 3.10.0-1160.11.1.el7.x86_64
uname -s = Linux
uname -v = #1 SMP Fri Dec 18 16:34:56 UTC 2020

/usr/bin/uname -p = x86_64
/bin/uname -X     = unknown

/bin/arch              = x86_64
/usr/bin/arch -k       = unknown
/usr/convex/getsysinfo = unknown
/usr/bin/hostinfo      = unknown
/bin/machine           = unknown
/usr/bin/oslevel       = unknown
/bin/universe          = unknown

PATH: /home/sxy/Software/Qt5.9.7/Tools/QtCreator/bin/
PATH: /home/sxy/Software/Qt5.9.7/5.9.7/gcc_64/bin/
PATH: /home/sxy/Work/bs2_repo/uvss300/uvss300_sw/trunk/download_from_ftp/go/bin
PATH: /home/sxy/Work/bs2_repo/uvss300/uvss300_sw/trunk/download_from_ftp/bin/
PATH: /home/sxy/Software/Qt5.9.7/Tools/QtCreator/bin/
PATH: /home/sxy/Software/Qt5.9.7/5.9.7/gcc_64/bin/
PATH: /home/sxy/Work/bs2_repo/uvss300/uvss300_sw/trunk/download_from_ftp/go/bin
PATH: /home/sxy/Work/bs2_repo/uvss300/uvss300_sw/trunk/download_from_ftp/bin/
PATH: /opt/hisi-linux/x86-arm/arm-hisiv400-linux/target/bin
PATH: /usr/local/bin
PATH: /usr/local/sbin
PATH: /usr/bin
PATH: /usr/sbin
PATH: /bin
PATH: /sbin
PATH: /home/sxy/Software/Typora-linux-x64
PATH: /home/sxy/Software/IPNC_RDK_V3.8.0/Source/ti_tools/linux_devkit/bin
PATH: /home/sxy/Software/IPNC_RDK_V3.8.0/Source/ti_tools/linux_devkit/bin
PATH: /home/sxy/Documents/firmware/bs_sw_embedded/IPNC_RDK/uvss/ti_tools/linux_devkit/bin
PATH: /home/sxy/Documents/firmware/bs_sw_embedded/IPNC_RDK/uvss/ti_tools/linux_devkit/bin
PATH: /home/sxy/Work/bs2_repo/uvss300/uvss300_sw/branches/stable_release_3.3/download_from_ftp/go/bin
PATH: /home/sxy/Work/bs2_repo/uvss300/uvss300_sw/branches/stable_release_3.3/download_from_ftp/bin
PATH: /home/sxy/Work/dvt_repo/uvs330/uvs330_sw/download_from_ftp/go/bin
PATH: /home/sxy/Work/dvt_repo/uvs330/uvs330_sw/download_from_ftp/bin
PATH: /home/sxy/.local/bin
PATH: /home/sxy/bin
PATH: /home/sxy/Software/Typora-linux-x64
PATH: /home/sxy/Software/IPNC_RDK_V3.8.0/Source/ti_tools/linux_devkit/bin
PATH: /home/sxy/Software/IPNC_RDK_V3.8.0/Source/ti_tools/linux_devkit/bin
PATH: /home/sxy/Documents/firmware/bs_sw_embedded/IPNC_RDK/uvss/ti_tools/linux_devkit/bin
PATH: /home/sxy/Documents/firmware/bs_sw_embedded/IPNC_RDK/uvss/ti_tools/linux_devkit/bin
PATH: /home/sxy/Work/bs2_repo/uvss300/uvss300_sw/branches/stable_release_3.3/download_from_ftp/go/bin
PATH: /home/sxy/Work/bs2_repo/uvss300/uvss300_sw/branches/stable_release_3.3/download_from_ftp/bin
PATH: /home/sxy/Work/dvt_repo/uvs330/uvs330_sw/download_from_ftp/go/bin
PATH: /home/sxy/Work/dvt_repo/uvs330/uvs330_sw/download_from_ftp/bin


## ----------- ##
## Core tests. ##
## ----------- ##

configure:1834: checking for a BSD-compatible install
configure:1902: result: /usr/bin/install -c
configure:1913: checking whether build environment is sane
configure:1968: result: yes
configure:2119: checking for a thread-safe mkdir -p
configure:2158: result: /usr/bin/mkdir -p
configure:2165: checking for gawk
configure:2181: found /usr/bin/gawk
configure:2192: result: gawk
configure:2203: checking whether make sets $(MAKE)
configure:2225: result: yes
configure:2254: checking whether make supports nested variables
configure:2271: result: yes
configure:2405: checking for gcc
configure:2421: found /usr/bin/gcc
configure:2432: result: gcc
configure:2661: checking for C compiler version
configure:2670: gcc --version >&5
gcc (GCC) 4.8.5 20150623 (Red Hat 4.8.5-44)
Copyright (C) 2015 Free Software Foundation, Inc.
This is free software; see the source for copying conditions.  There is NO
warranty; not even for MERCHANTABILITY or FITNESS FOR A PARTICULAR PURPOSE.

configure:2681: $? = 0
configure:2670: gcc -v >&5
Using built-in specs.
COLLECT_GCC=gcc
COLLECT_LTO_WRAPPER=/usr/libexec/gcc/x86_64-redhat-linux/4.8.5/lto-wrapper
Target: x86_64-redhat-linux
Configured with: ../configure --prefix=/usr --mandir=/usr/share/man --infodir=/usr/share/info --with-bugurl=http://bugzilla.redhat.com/bugzilla --enable-bootstrap --enable-shared --enable-threads=posix --enable-checking=release --with-system-zlib --enable-__cxa_atexit --disable-libunwind-exceptions --enable-gnu-unique-object --enable-linker-build-id --with-linker-hash-style=gnu --enable-languages=c,c++,objc,obj-c++,java,fortran,ada,go,lto --enable-plugin --enable-initfini-array --disable-libgcj --with-isl=/builddir/build/BUILD/gcc-4.8.5-20150702/obj-x86_64-redhat-linux/isl-install --with-cloog=/builddir/build/BUILD/gcc-4.8.5-20150702/obj-x86_64-redhat-linux/cloog-install --enable-gnu-indirect-function --with-tune=generic --with-arch_32=x86-64 --build=x86_64-redhat-linux
Thread model: posix
gcc version 4.8.5 20150623 (Red Hat 4.8.5-44) (GCC) 
configure:2681: $? = 0
configure:2670: gcc -V >&5
gcc: error: unrecognized command line option '-V'
gcc: fatal error: no input files
compilation terminated.
configure:2681: $? = 4
configure:2670: gcc -qversion >&5
gcc: error: unrecognized command line option '-qversion'
gcc: fatal error: no input files
compilation terminated.
configure:2681: $? = 4
configure:2701: checking whether the C compiler works
configure:2723: gcc    conftest.c  >&5
configure:2727: $? = 0
configure:2775: result: yes
configure:2778: checking for C compiler default output file name
configure:2780: result: a.out
configure:2786: checking for suffix of executables
configure:2793: gcc -o conftest    conftest.c  >&5
configure:2797: $? = 0
configure:2819: result: 
configure:2841: checking whether we are cross compiling
configure:2849: gcc -o conftest    conftest.c  >&5
configure:2853: $? = 0
configure:2860: ./conftest
configure:2864: $? = 0
configure:2879: result: no
configure:2884: checking for suffix of object files
configure:2906: gcc -c   conftest.c >&5
configure:2910: $? = 0
configure:2931: result: o
configure:2935: checking whether we are using the GNU C compiler
configure:2954: gcc -c   conftest.c >&5
configure:2954: $? = 0
configure:2963: result: yes
configure:2972: checking whether gcc accepts -g
configure:2992: gcc -c -g  conftest.c >&5
configure:2992: $? = 0
configure:3033: result: yes
configure:3050: checking for gcc option to accept ISO C89
configure:3113: gcc  -c -g -O2  conftest.c >&5
configure:3113: $? = 0
configure:3126: result: none needed
configure:3157: checking for style of include used by make
configure:3185: result: GNU
configure:3211: checking dependency style of gcc
configure:3322: result: gcc3
configure:3493: checking that generated files are newer than configure
configure:3499: result: done
configure:3522: creating ./config.status

## ---------------------- ##
## Running config.status. ##
## ---------------------- ##

This file was extended by helloworld config.status 0.1, which was
generated by GNU Autoconf 2.69.  Invocation command line was

  CONFIG_FILES    = 
  CONFIG_HEADERS  = 
  CONFIG_LINKS    = 
  CONFIG_COMMANDS = 
  $ ./config.status 

on DESKTOP-SXY

config.status:772: creating Makefile
config.status:944: executing depfiles commands

## ---------------- ##
## Cache variables. ##
## ---------------- ##

ac_cv_c_compiler_gnu=yes
ac_cv_env_CC_set=
ac_cv_env_CC_value=
ac_cv_env_CFLAGS_set=
ac_cv_env_CFLAGS_value=
ac_cv_env_CPPFLAGS_set=
ac_cv_env_CPPFLAGS_value=
ac_cv_env_LDFLAGS_set=
ac_cv_env_LDFLAGS_value=
ac_cv_env_LIBS_set=
ac_cv_env_LIBS_value=
ac_cv_env_build_alias_set=
ac_cv_env_build_alias_value=
ac_cv_env_host_alias_set=
ac_cv_env_host_alias_value=
ac_cv_env_target_alias_set=
ac_cv_env_target_alias_value=
ac_cv_objext=o
ac_cv_path_install='/usr/bin/install -c'
ac_cv_path_mkdir=/usr/bin/mkdir
ac_cv_prog_AWK=gawk
ac_cv_prog_ac_ct_CC=gcc
ac_cv_prog_cc_c89=
ac_cv_prog_cc_g=yes
ac_cv_prog_make_make_set=yes
am_cv_CC_dependencies_compiler_type=gcc3
am_cv_make_support_nested_variables=yes

## ----------------- ##
## Output variables. ##
## ----------------- ##

ACLOCAL='${SHELL} /home/sxy/Github/cpp/demo_autoconfig/helloworld-0.1/missing aclocal-1.13'
AMDEPBACKSLASH='\'
AMDEP_FALSE='#'
AMDEP_TRUE=''
AMTAR='$${TAR-tar}'
AM_BACKSLASH='\'
AM_DEFAULT_V='$(AM_DEFAULT_VERBOSITY)'
AM_DEFAULT_VERBOSITY='1'
AM_V='$(V)'
AUTOCONF='${SHELL} /home/sxy/Github/cpp/demo_autoconfig/helloworld-0.1/missing autoconf'
AUTOHEADER='${SHELL} /home/sxy/Github/cpp/demo_autoconfig/helloworld-0.1/missing autoheader'
AUTOMAKE='${SHELL} /home/sxy/Github/cpp/demo_autoconfig/helloworld-0.1/missing automake-1.13'
AWK='gawk'
CC='gcc'
CCDEPMODE='depmode=gcc3'
CFLAGS='-g -O2'
CPPFLAGS=''
CYGPATH_W='echo'
DEFS='-DPACKAGE_NAME=\"helloworld\" -DPACKAGE_TARNAME=\"helloworld\" -DPACKAGE_VERSION=\"0.1\" -DPACKAGE_STRING=\"helloworld\ 0.1\" -DPACKAGE_BUGREPORT=\"shengxiaoyi2014@icloud.com\" -DPACKAGE_URL=\"\" -DPACKAGE=\"helloworld\" -DVERSION=\"0.1\"'
DEPDIR='.deps'
ECHO_C=''
ECHO_N='-n'
ECHO_T=''
EXEEXT=''
INSTALL_DATA='${INSTALL} -m 644'
INSTALL_PROGRAM='${INSTALL}'
INSTALL_SCRIPT='${INSTALL}'
INSTALL_STRIP_PROGRAM='$(install_sh) -c -s'
LDFLAGS=''
LIBOBJS=''
LIBS=''
LTLIBOBJS=''
MAKEINFO='${SHELL} /home/sxy/Github/cpp/demo_autoconfig/helloworld-0.1/missing makeinfo'
MKDIR_P='/usr/bin/mkdir -p'
OBJEXT='o'
PACKAGE='helloworld'
PACKAGE_BUGREPORT='shengxiaoyi2014@icloud.com'
PACKAGE_NAME='helloworld'
PACKAGE_STRING='helloworld 0.1'
PACKAGE_TARNAME='helloworld'
PACKAGE_URL=''
PACKAGE_VERSION='0.1'
PATH_SEPARATOR=':'
SET_MAKE=''
SHELL='/bin/sh'
STRIP=''
VERSION='0.1'
ac_ct_CC='gcc'
am__EXEEXT_FALSE=''
am__EXEEXT_TRUE='#'
am__fastdepCC_FALSE='#'
am__fastdepCC_TRUE=''
am__include='include'
am__isrc=''
am__leading_dot='.'
am__nodep='_no'
am__quote=''
am__tar='$${TAR-tar} chof - "$$tardir"'
am__untar='$${TAR-tar} xf -'
bindir='${exec_prefix}/bin'
build_alias=''
datadir='${datarootdir}'
datarootdir='${prefix}/share'
docdir='${datarootdir}/doc/${PACKAGE_TARNAME}'
dvidir='${docdir}'
exec_prefix='${prefix}'
host_alias=''
htmldir='${docdir}'
includedir='${prefix}/include'
infodir='${datarootdir}/info'
install_sh='${SHELL} /home/sxy/Github/cpp/demo_autoconfig/helloworld-0.1/install-sh'
libdir='${exec_prefix}/lib'
libexecdir='${exec_prefix}/libexec'
localedir='${datarootdir}/locale'
localstatedir='${prefix}/var'
mandir='${datarootdir}/man'
mkdir_p='$(MKDIR_P)'
oldincludedir='/usr/include'
pdfdir='${docdir}'
prefix='/usr/local'
program_transform_name='s,x,x,'
psdir='${docdir}'
sbindir='${exec_prefix}/sbin'
sharedstatedir='${prefix}/com'
sysconfdir='${prefix}/etc'
target_alias=''

## ----------- ##
## confdefs.h. ##
## ----------- ##

/* confdefs.h */
#define PACKAGE_NAME "helloworld"
#define PACKAGE_TARNAME "helloworld"
#define PACKAGE_VERSION "0.1"
#define PACKAGE_STRING "helloworld 0.1"
#define PACKAGE_BUGREPORT "shengxiaoyi2014@icloud.com"
#define PACKAGE_URL ""
#define PACKAGE "helloworld"
#define VERSION "0.1"

configure: exit 0
